Database initialized at: C:\Users\andre\Desktop\bep-generator\server\db\bep-generator.db
Server running on port 3001
[TIDP INSERT] params: {
  id: 'ddd82603-e4c2-435b-8db3-f6efb053cbb5',
  teamName: 'API Test Team',
  discipline: 'Architecture',
  leader: 'API Tester',
  company: 'TestCo',
  responsibilities: 'Testing create',
  projectId: undefined,
  createdAt: '2025-09-30T23:53:14.625Z',
  updatedAt: '2025-09-30T23:53:14.629Z',
  version: '1.0',
  status: 'Active',
  source: undefined,
  createdVia: undefined
}
[CONTAINER INSERT] tidpId= ddd82603-e4c2-435b-8db3-f6efb053cbb5 container params= {
  id: 'b8ce5f02-7ac1-458f-9af2-390237f7f7ea',
  infoId: 'IC-API-1',
  name: 'API Container 1',
  description: 'desc',
  taskName: 'API Task',
  responsible: 'API Test Team',
  author: 'API Tester',
  dependencies: [],
  loin: 'LOD 300',
  classification: null,
  estimated: '1 day',
  milestone: 'Stage 2 - Concept Design',
  dueDate: 2025-09-30T23:53:14.471Z,
  format: 'PDF',
  purpose: 'Testing',
  acceptance: 'OK',
  review: 'S3 - Issue for comment',
  status: 'Planned',
  createdAt: '2025-09-30T23:53:14.629Z'
}
