Error: Error: No TIDPs found for project project-1
    at MIDPService.autoGenerateMIDPFromProject (C:\Users\andre\Desktop\bep-generator\server\services\midpService.js:22:13)
    at C:\Users\andre\Desktop\bep-generator\server\routes\midp.js:401:37
    at Layer.handle [as handle_request] (C:\Users\andre\Desktop\bep-generator\server\node_modules\express\lib\router\layer.js:95:5)
    at next (C:\Users\andre\Desktop\bep-generator\server\node_modules\express\lib\router\route.js:149:13)
    at Route.dispatch (C:\Users\andre\Desktop\bep-generator\server\node_modules\express\lib\router\route.js:119:3)
    at Layer.handle [as handle_request] (C:\Users\andre\Desktop\bep-generator\server\node_modules\express\lib\router\layer.js:95:5)
    at C:\Users\andre\Desktop\bep-generator\server\node_modules\express\lib\router\index.js:284:15
    at param (C:\Users\andre\Desktop\bep-generator\server\node_modules\express\lib\router\index.js:365:14)
    at param (C:\Users\andre\Desktop\bep-generator\server\node_modules\express\lib\router\index.js:376:14)
    at Function.process_params (C:\Users\andre\Desktop\bep-generator\server\node_modules\express\lib\router\index.js:421:3)
    at next (C:\Users\andre\Desktop\bep-generator\server\node_modules\express\lib\router\index.js:280:10)
    at Function.handle (C:\Users\andre\Desktop\bep-generator\server\node_modules\express\lib\router\index.js:175:3)
    at router (C:\Users\andre\Desktop\bep-generator\server\node_modules\express\lib\router\index.js:47:12)
    at Layer.handle [as handle_request] (C:\Users\andre\Desktop\bep-generator\server\node_modules\express\lib\router\layer.js:95:5)
    at trim_prefix (C:\Users\andre\Desktop\bep-generator\server\node_modules\express\lib\router\index.js:328:13)
    at C:\Users\andre\Desktop\bep-generator\server\node_modules\express\lib\router\index.js:286:9
Error: Error: No TIDPs found for project project-1
    at MIDPService.autoGenerateMIDPFromProject (C:\Users\andre\Desktop\bep-generator\server\services\midpService.js:22:13)
    at C:\Users\andre\Desktop\bep-generator\server\routes\midp.js:401:37
    at Layer.handle [as handle_request] (C:\Users\andre\Desktop\bep-generator\server\node_modules\express\lib\router\layer.js:95:5)
    at next (C:\Users\andre\Desktop\bep-generator\server\node_modules\express\lib\router\route.js:149:13)
    at Route.dispatch (C:\Users\andre\Desktop\bep-generator\server\node_modules\express\lib\router\route.js:119:3)
    at Layer.handle [as handle_request] (C:\Users\andre\Desktop\bep-generator\server\node_modules\express\lib\router\layer.js:95:5)
    at C:\Users\andre\Desktop\bep-generator\server\node_modules\express\lib\router\index.js:284:15
    at param (C:\Users\andre\Desktop\bep-generator\server\node_modules\express\lib\router\index.js:365:14)
    at param (C:\Users\andre\Desktop\bep-generator\server\node_modules\express\lib\router\index.js:376:14)
    at Function.process_params (C:\Users\andre\Desktop\bep-generator\server\node_modules\express\lib\router\index.js:421:3)
    at next (C:\Users\andre\Desktop\bep-generator\server\node_modules\express\lib\router\index.js:280:10)
    at Function.handle (C:\Users\andre\Desktop\bep-generator\server\node_modules\express\lib\router\index.js:175:3)
    at router (C:\Users\andre\Desktop\bep-generator\server\node_modules\express\lib\router\index.js:47:12)
    at Layer.handle [as handle_request] (C:\Users\andre\Desktop\bep-generator\server\node_modules\express\lib\router\layer.js:95:5)
    at trim_prefix (C:\Users\andre\Desktop\bep-generator\server\node_modules\express\lib\router\index.js:328:13)
    at C:\Users\andre\Desktop\bep-generator\server\node_modules\express\lib\router\index.js:286:9
Error: Error: No TIDPs found for project project-1
    at MIDPService.autoGenerateMIDPFromProject (C:\Users\andre\Desktop\bep-generator\server\services\midpService.js:22:13)
    at C:\Users\andre\Desktop\bep-generator\server\routes\midp.js:401:37
    at Layer.handle [as handle_request] (C:\Users\andre\Desktop\bep-generator\server\node_modules\express\lib\router\layer.js:95:5)
    at next (C:\Users\andre\Desktop\bep-generator\server\node_modules\express\lib\router\route.js:149:13)
    at Route.dispatch (C:\Users\andre\Desktop\bep-generator\server\node_modules\express\lib\router\route.js:119:3)
    at Layer.handle [as handle_request] (C:\Users\andre\Desktop\bep-generator\server\node_modules\express\lib\router\layer.js:95:5)
    at C:\Users\andre\Desktop\bep-generator\server\node_modules\express\lib\router\index.js:284:15
    at param (C:\Users\andre\Desktop\bep-generator\server\node_modules\express\lib\router\index.js:365:14)
    at param (C:\Users\andre\Desktop\bep-generator\server\node_modules\express\lib\router\index.js:376:14)
    at Function.process_params (C:\Users\andre\Desktop\bep-generator\server\node_modules\express\lib\router\index.js:421:3)
    at next (C:\Users\andre\Desktop\bep-generator\server\node_modules\express\lib\router\index.js:280:10)
    at Function.handle (C:\Users\andre\Desktop\bep-generator\server\node_modules\express\lib\router\index.js:175:3)
    at router (C:\Users\andre\Desktop\bep-generator\server\node_modules\express\lib\router\index.js:47:12)
    at Layer.handle [as handle_request] (C:\Users\andre\Desktop\bep-generator\server\node_modules\express\lib\router\layer.js:95:5)
    at trim_prefix (C:\Users\andre\Desktop\bep-generator\server\node_modules\express\lib\router\index.js:328:13)
    at C:\Users\andre\Desktop\bep-generator\server\node_modules\express\lib\router\index.js:286:9
Error: Error: No TIDPs found for project project-1
    at MIDPService.autoGenerateMIDPFromProject (C:\Users\andre\Desktop\bep-generator\server\services\midpService.js:22:13)
    at C:\Users\andre\Desktop\bep-generator\server\routes\midp.js:401:37
    at Layer.handle [as handle_request] (C:\Users\andre\Desktop\bep-generator\server\node_modules\express\lib\router\layer.js:95:5)
    at next (C:\Users\andre\Desktop\bep-generator\server\node_modules\express\lib\router\route.js:149:13)
    at Route.dispatch (C:\Users\andre\Desktop\bep-generator\server\node_modules\express\lib\router\route.js:119:3)
    at Layer.handle [as handle_request] (C:\Users\andre\Desktop\bep-generator\server\node_modules\express\lib\router\layer.js:95:5)
    at C:\Users\andre\Desktop\bep-generator\server\node_modules\express\lib\router\index.js:284:15
    at param (C:\Users\andre\Desktop\bep-generator\server\node_modules\express\lib\router\index.js:365:14)
    at param (C:\Users\andre\Desktop\bep-generator\server\node_modules\express\lib\router\index.js:376:14)
    at Function.process_params (C:\Users\andre\Desktop\bep-generator\server\node_modules\express\lib\router\index.js:421:3)
    at next (C:\Users\andre\Desktop\bep-generator\server\node_modules\express\lib\router\index.js:280:10)
    at Function.handle (C:\Users\andre\Desktop\bep-generator\server\node_modules\express\lib\router\index.js:175:3)
    at router (C:\Users\andre\Desktop\bep-generator\server\node_modules\express\lib\router\index.js:47:12)
    at Layer.handle [as handle_request] (C:\Users\andre\Desktop\bep-generator\server\node_modules\express\lib\router\layer.js:95:5)
    at trim_prefix (C:\Users\andre\Desktop\bep-generator\server\node_modules\express\lib\router\index.js:328:13)
    at C:\Users\andre\Desktop\bep-generator\server\node_modules\express\lib\router\index.js:286:9
